2019-07-24 16:48:12,095 0      [           main] DEBUG ache.ibatis.logging.LogFactory  - Logging initialized using 'class org.apache.ibatis.logging.log4j.Log4jImpl' adapter.
2019-07-24 16:48:12,360 265    [           main] DEBUG source.pooled.PooledDataSource  - PooledDataSource forcefully closed/removed all connections.
2019-07-24 16:48:12,361 266    [           main] DEBUG source.pooled.PooledDataSource  - PooledDataSource forcefully closed/removed all connections.
2019-07-24 16:48:12,361 266    [           main] DEBUG source.pooled.PooledDataSource  - PooledDataSource forcefully closed/removed all connections.
2019-07-24 16:48:12,361 266    [           main] DEBUG source.pooled.PooledDataSource  - PooledDataSource forcefully closed/removed all connections.
2019-07-24 16:48:12,533 438    [           main] DEBUG ansaction.jdbc.JdbcTransaction  - Opening JDBC Connection
2019-07-24 16:48:12,945 850    [           main] DEBUG source.pooled.PooledDataSource  - Created connection 2116908859.
2019-07-24 16:48:12,946 851    [           main] DEBUG ansaction.jdbc.JdbcTransaction  - Setting autocommit to false on JDBC Connection [com.mysql.jdbc.JDBC4Connection@7e2d773b]
2019-07-24 16:48:12,949 854    [           main] DEBUG   com.wang.dao.UserDao.findAll  - ==>  Preparing: select * from user 
2019-07-24 16:48:12,994 899    [           main] DEBUG   com.wang.dao.UserDao.findAll  - ==> Parameters: 
2019-07-24 16:48:13,046 951    [           main] DEBUG   com.wang.dao.UserDao.findAll  - <==      Total: 6
2019-07-24 16:48:13,047 952    [           main] DEBUG ansaction.jdbc.JdbcTransaction  - Resetting autocommit to true on JDBC Connection [com.mysql.jdbc.JDBC4Connection@7e2d773b]
2019-07-24 16:48:13,048 953    [           main] DEBUG ansaction.jdbc.JdbcTransaction  - Closing JDBC Connection [com.mysql.jdbc.JDBC4Connection@7e2d773b]
2019-07-24 16:48:13,048 953    [           main] DEBUG source.pooled.PooledDataSource  - Returned connection 2116908859 to pool.
2019-07-24 17:11:12,042 0      [           main] DEBUG ache.ibatis.logging.LogFactory  - Logging initialized using 'class org.apache.ibatis.logging.log4j.Log4jImpl' adapter.
2019-07-24 17:11:12,266 224    [           main] DEBUG source.pooled.PooledDataSource  - PooledDataSource forcefully closed/removed all connections.
2019-07-24 17:11:12,267 225    [           main] DEBUG source.pooled.PooledDataSource  - PooledDataSource forcefully closed/removed all connections.
2019-07-24 17:11:12,267 225    [           main] DEBUG source.pooled.PooledDataSource  - PooledDataSource forcefully closed/removed all connections.
2019-07-24 17:11:12,268 226    [           main] DEBUG source.pooled.PooledDataSource  - PooledDataSource forcefully closed/removed all connections.
2019-07-24 17:11:12,536 494    [           main] DEBUG ansaction.jdbc.JdbcTransaction  - Opening JDBC Connection
2019-07-24 17:11:12,946 904    [           main] DEBUG source.pooled.PooledDataSource  - Created connection 842326585.
2019-07-24 17:11:12,946 904    [           main] DEBUG ansaction.jdbc.JdbcTransaction  - Setting autocommit to false on JDBC Connection [com.mysql.jdbc.JDBC4Connection@3234e239]
2019-07-24 17:11:12,949 907    [           main] DEBUG   com.wang.dao.UserDao.findAll  - ==>  Preparing: select * from user 
2019-07-24 17:11:13,015 973    [           main] DEBUG   com.wang.dao.UserDao.findAll  - ==> Parameters: 
2019-07-24 17:11:13,050 1008   [           main] DEBUG   com.wang.dao.UserDao.findAll  - <==      Total: 6
2019-07-24 17:11:13,051 1009   [           main] DEBUG ansaction.jdbc.JdbcTransaction  - Resetting autocommit to true on JDBC Connection [com.mysql.jdbc.JDBC4Connection@3234e239]
2019-07-24 17:11:13,052 1010   [           main] DEBUG ansaction.jdbc.JdbcTransaction  - Closing JDBC Connection [com.mysql.jdbc.JDBC4Connection@3234e239]
2019-07-24 17:11:13,052 1010   [           main] DEBUG source.pooled.PooledDataSource  - Returned connection 842326585 to pool.
